Using pre-set license
Built from '2020.3/staging' branch; Version is '2020.3.25f1 (9b9180224418) revision 10195328'; Using compiler version '192528614'; Build Type 'Release'
OS: 'Windows 10  (10.0.19042) 64bit Core' Language: 'ja' Physical Memory: 32698 MB
BatchMode: 1, IsHumanControllingUs: 0, StartBugReporterOnCrash: 0, Is64bit: 1, IsPro: 0

COMMAND LINE ARGUMENTS:
C:\Program Files\Unity 2020.3.25f1\Editor\Unity.exe
-adb2
-batchMode
-noUpm
-name
AssetImportWorker0
-projectPath
D:/UnityResource/ShootingGame
-logFile
Logs/AssetImportWorker0.log
-srvPort
62863
Successfully changed project path to: D:/UnityResource/ShootingGame
D:/UnityResource/ShootingGame
Using Asset Import Pipeline V2.
Refreshing native plugins compatible for Editor in 26.26 ms, found 2 plugins.
Preloading 0 native plugins for Editor in 0.00 ms.
Initialize engine version: 2020.3.25f1 (9b9180224418)
[Subsystems] Discovering subsystems at path C:/Program Files/Unity 2020.3.25f1/Editor/Data/Resources/UnitySubsystems
[Subsystems] Discovering subsystems at path D:/UnityResource/ShootingGame/Assets
GfxDevice: creating device client; threaded=0
Direct3D:
    Version:  Direct3D 11.0 [level 11.1]
    Renderer: NVIDIA GeForce RTX 3070 (ID=0x2484)
    Vendor:   
    VRAM:     8043 MB
    Driver:   27.21.14.6089
Initialize mono
Mono path[0] = 'C:/Program Files/Unity 2020.3.25f1/Editor/Data/Managed'
Mono path[1] = 'C:/Program Files/Unity 2020.3.25f1/Editor/Data/MonoBleedingEdge/lib/mono/unityjit'
Mono config path = 'C:/Program Files/Unity 2020.3.25f1/Editor/Data/MonoBleedingEdge/etc'
Using monoOptions --debugger-agent=transport=dt_socket,embedding=1,server=y,suspend=n,address=127.0.0.1:56016
Begin MonoManager ReloadAssembly
Registering precompiled unity dll's ...
Register platform support module: C:/Program Files/Unity 2020.3.25f1/Editor/Data/PlaybackEngines/WebGLSupport/UnityEditor.WebGL.Extensions.dll
Register platform support module: C:/Program Files/Unity 2020.3.25f1/Editor/Data/PlaybackEngines/WindowsStandaloneSupport/UnityEditor.WindowsStandalone.Extensions.dll
Registered in 0.001974 seconds.
Native extension for WindowsStandalone target not found
Native extension for WebGL target not found
Refreshing native plugins compatible for Editor in 25.83 ms, found 2 plugins.
Preloading 0 native plugins for Editor in 0.00 ms.
Mono: successfully reloaded assembly
- Completed reload, in  0.450 seconds
Domain Reload Profiling:
	ReloadAssembly (450ms)
		BeginReloadAssembly (43ms)
			ExecutionOrderSort (0ms)
			DisableScriptedObjects (0ms)
			BackupInstance (0ms)
			ReleaseScriptingObjects (0ms)
			CreateAndSetChildDomain (1ms)
		EndReloadAssembly (346ms)
			LoadAssemblies (42ms)
			RebuildTransferFunctionScriptingTraits (0ms)
			SetupTypeCache (118ms)
			ReleaseScriptCaches (0ms)
			RebuildScriptCaches (25ms)
			SetupLoadedEditorAssemblies (125ms)
				LogAssemblyErrors (0ms)
				InitializePlatformSupportModulesInManaged (4ms)
				SetLoadedEditorAssemblies (0ms)
				RefreshPlugins (26ms)
				BeforeProcessingInitializeOnLoad (13ms)
				ProcessInitializeOnLoadAttributes (60ms)
				ProcessInitializeOnLoadMethodAttributes (21ms)
				AfterProcessingInitializeOnLoad (0ms)
				EditorAssembliesLoaded (0ms)
			ExecutionOrderSort2 (0ms)
			AwakeInstancesAfterBackupRestoration (0ms)
Platform modules already initialized, skipping
Registering precompiled user dll's ...
Registered in 0.002179 seconds.
Begin MonoManager ReloadAssembly
Native extension for WindowsStandalone target not found
Native extension for WebGL target not found
Refreshing native plugins compatible for Editor in 0.35 ms, found 2 plugins.
Preloading 0 native plugins for Editor in 0.00 ms.
Mono: successfully reloaded assembly
- Completed reload, in  0.784 seconds
Domain Reload Profiling:
	ReloadAssembly (784ms)
		BeginReloadAssembly (121ms)
			ExecutionOrderSort (0ms)
			DisableScriptedObjects (4ms)
			BackupInstance (0ms)
			ReleaseScriptingObjects (0ms)
			CreateAndSetChildDomain (16ms)
		EndReloadAssembly (612ms)
			LoadAssemblies (66ms)
			RebuildTransferFunctionScriptingTraits (0ms)
			SetupTypeCache (218ms)
			ReleaseScriptCaches (0ms)
			RebuildScriptCaches (33ms)
			SetupLoadedEditorAssemblies (227ms)
				LogAssemblyErrors (0ms)
				InitializePlatformSupportModulesInManaged (4ms)
				SetLoadedEditorAssemblies (0ms)
				RefreshPlugins (0ms)
				BeforeProcessingInitializeOnLoad (59ms)
				ProcessInitializeOnLoadAttributes (151ms)
				ProcessInitializeOnLoadMethodAttributes (7ms)
				AfterProcessingInitializeOnLoad (5ms)
				EditorAssembliesLoaded (0ms)
			ExecutionOrderSort2 (0ms)
			AwakeInstancesAfterBackupRestoration (5ms)
Platform modules already initialized, skipping
========================================================================
Worker process is ready to serve import requests
Launched and connected shader compiler UnityShaderCompiler.exe after 0.05 seconds
Refreshing native plugins compatible for Editor in 0.33 ms, found 2 plugins.
Preloading 0 native plugins for Editor in 0.00 ms.
Unloading 1500 Unused Serialized files (Serialized files now loaded: 0)
System memory in use before: 67.4 MB.
System memory in use after: 67.5 MB.

Unloading 19 unused Assets to reduce memory usage. Loaded Objects now: 1930.
Total: 2.820300 ms (FindLiveObjects: 0.132900 ms CreateObjectMapping: 0.035600 ms MarkObjects: 2.597700 ms  DeleteObjects: 0.052900 ms)

AssetImportParameters requested are different than current active one (requested -> active):
  custom:framework-win-MediaFoundation: 216162199b28c13a410421893ffa2e32 -> 
  custom:video-decoder-ogg-theora: a1e56fd34408186e4bbccfd4996cb3dc -> 
  custom:container-muxer-webm: aa71ff27fc2769a1b78a27578f13a17b -> 
  custom:container-demuxer-webm: 4f35f7cbe854078d1ac9338744f61a02 -> 
  custom:container-demuxer-ogg: 62fdf1f143b41e24485cea50d1cbac27 -> 
  custom:video-encoder-webm-vp8: eb34c28f22e8b96e1ab97ce403110664 -> 
  custom:video-codec-MediaFoundation-h265: 746d11721c4dcdbdad8f713fa42b33f4 -> 
  custom:video-decoder-webm-vp8: 9c59270c3fd7afecdb556c50c9e8de78 -> 
  custom:audio-decoder-ogg-vorbis: bf7c407c2cedff20999df2af8eb42d56 -> 
  custom:audio-encoder-webm-vorbis: bf7c407c2cedff20999df2af8eb42d56 -> 
========================================================================
Received Import Request.
  path: Assets/Scenes
  artifactKey: Guid(087bd2beae07b4776a7f118b2871bcda) Importer(815301076,1909f56bfc062723c751e8b465ee728b)
Start importing Assets/Scenes using Guid(087bd2beae07b4776a7f118b2871bcda) Importer(815301076,1909f56bfc062723c751e8b465ee728b)  -> (artifact id: '9af8b4aa3480b18dc5dfb7b37684c20e') in 0.007346 seconds 
  Import took 0.009527 seconds .

========================================================================
Received Import Request.
  Time since last request: 8.527709 seconds.
  path: Assets/Materials
  artifactKey: Guid(cae5bcb792c7d4987a30575cd8d89840) Importer(815301076,1909f56bfc062723c751e8b465ee728b)
Start importing Assets/Materials using Guid(cae5bcb792c7d4987a30575cd8d89840) Importer(815301076,1909f56bfc062723c751e8b465ee728b)  -> (artifact id: 'daaf1606a31ef74dbf5b179ca350192d') in 0.006255 seconds 
  Import took 0.008429 seconds .

========================================================================
Received Import Request.
  Time since last request: 0.088877 seconds.
  path: Assets/Materials/Background-Back.mat
  artifactKey: Guid(45950dc62071e4e388008c72e45a3c9d) Importer(815301076,1909f56bfc062723c751e8b465ee728b)
Start importing Assets/Materials/Background-Back.mat using Guid(45950dc62071e4e388008c72e45a3c9d) Importer(815301076,1909f56bfc062723c751e8b465ee728b)  -> (artifact id: '7921c1046d081cf639407efd610a17ef') in 0.117478 seconds 
  Import took 0.119723 seconds .

========================================================================
Received Import Request.
  Time since last request: 0.000262 seconds.
  path: Assets/Materials/Background-Front.mat
  artifactKey: Guid(989a481e4892442f8ad2e293aebbb0df) Importer(815301076,1909f56bfc062723c751e8b465ee728b)
Start importing Assets/Materials/Background-Front.mat using Guid(989a481e4892442f8ad2e293aebbb0df) Importer(815301076,1909f56bfc062723c751e8b465ee728b)  -> (artifact id: 'e870d802186b835348ae3e594777281b') in 0.019724 seconds 
  Import took 0.021673 seconds .

========================================================================
Received Import Request.
  Time since last request: 0.000235 seconds.
  path: Assets/Materials/Background-Middle.mat
  artifactKey: Guid(c4fb50aaaa62a4d4e99b3b7baa656d3b) Importer(815301076,1909f56bfc062723c751e8b465ee728b)
Start importing Assets/Materials/Background-Middle.mat using Guid(c4fb50aaaa62a4d4e99b3b7baa656d3b) Importer(815301076,1909f56bfc062723c751e8b465ee728b)  -> (artifact id: '3278e46e34fbd042b51669abef500041') in 0.010740 seconds 
  Import took 0.012900 seconds .

========================================================================
Received Prepare
Registering precompiled user dll's ...
Registered in 0.002493 seconds.
Begin MonoManager ReloadAssembly
Native extension for WindowsStandalone target not found
Native extension for WebGL target not found
Refreshing native plugins compatible for Editor in 0.34 ms, found 2 plugins.
Preloading 0 native plugins for Editor in 0.00 ms.
Mono: successfully reloaded assembly
- Completed reload, in  0.738 seconds
Domain Reload Profiling:
	ReloadAssembly (738ms)
		BeginReloadAssembly (91ms)
			ExecutionOrderSort (0ms)
			DisableScriptedObjects (3ms)
			BackupInstance (0ms)
			ReleaseScriptingObjects (0ms)
			CreateAndSetChildDomain (26ms)
		EndReloadAssembly (597ms)
			LoadAssemblies (64ms)
			RebuildTransferFunctionScriptingTraits (0ms)
			SetupTypeCache (216ms)
			ReleaseScriptCaches (1ms)
			RebuildScriptCaches (30ms)
			SetupLoadedEditorAssemblies (213ms)
				LogAssemblyErrors (0ms)
				InitializePlatformSupportModulesInManaged (4ms)
				SetLoadedEditorAssemblies (0ms)
				RefreshPlugins (0ms)
				BeforeProcessingInitializeOnLoad (55ms)
				ProcessInitializeOnLoadAttributes (142ms)
				ProcessInitializeOnLoadMethodAttributes (6ms)
				AfterProcessingInitializeOnLoad (5ms)
				EditorAssembliesLoaded (0ms)
			ExecutionOrderSort2 (0ms)
			AwakeInstancesAfterBackupRestoration (5ms)
Platform modules already initialized, skipping
Refreshing native plugins compatible for Editor in 0.31 ms, found 2 plugins.
Preloading 0 native plugins for Editor in 0.00 ms.
Unloading 1494 Unused Serialized files (Serialized files now loaded: 0)
System memory in use before: 70.6 MB.
System memory in use after: 70.7 MB.

Unloading 14 unused Assets to reduce memory usage. Loaded Objects now: 1973.
Total: 2.700200 ms (FindLiveObjects: 0.145300 ms CreateObjectMapping: 0.033100 ms MarkObjects: 2.503700 ms  DeleteObjects: 0.017100 ms)

AssetImportParameters requested are different than current active one (requested -> active):
  custom:framework-win-MediaFoundation: 216162199b28c13a410421893ffa2e32 -> 
  custom:video-decoder-ogg-theora: a1e56fd34408186e4bbccfd4996cb3dc -> 
  custom:container-muxer-webm: aa71ff27fc2769a1b78a27578f13a17b -> 
  custom:container-demuxer-webm: 4f35f7cbe854078d1ac9338744f61a02 -> 
  custom:container-demuxer-ogg: 62fdf1f143b41e24485cea50d1cbac27 -> 
  custom:video-encoder-webm-vp8: eb34c28f22e8b96e1ab97ce403110664 -> 
  custom:video-codec-MediaFoundation-h265: 746d11721c4dcdbdad8f713fa42b33f4 -> 
  custom:video-decoder-webm-vp8: 9c59270c3fd7afecdb556c50c9e8de78 -> 
  custom:audio-decoder-ogg-vorbis: bf7c407c2cedff20999df2af8eb42d56 -> 
  custom:audio-encoder-webm-vorbis: bf7c407c2cedff20999df2af8eb42d56 -> 
========================================================================
Received Import Request.
  Time since last request: 15.035238 seconds.
  path: Assets/Animations
  artifactKey: Guid(0b71b7db2388145239e68c9c18792f45) Importer(815301076,1909f56bfc062723c751e8b465ee728b)
Start importing Assets/Animations using Guid(0b71b7db2388145239e68c9c18792f45) Importer(815301076,1909f56bfc062723c751e8b465ee728b)  -> (artifact id: 'b16f4a267c641c2d8ee76f0d240f9bc1') in 0.008359 seconds 
  Import took 0.010589 seconds .

========================================================================
Received Import Request.
  Time since last request: 6.583002 seconds.
  path: Assets/Sprites
  artifactKey: Guid(21a84b48bbe9a44219b0529abf251a03) Importer(815301076,1909f56bfc062723c751e8b465ee728b)
Start importing Assets/Sprites using Guid(21a84b48bbe9a44219b0529abf251a03) Importer(815301076,1909f56bfc062723c751e8b465ee728b)  -> (artifact id: '95c00e7979d4962082e980209bf60318') in 0.005420 seconds 
  Import took 0.007607 seconds .

========================================================================
Received Import Request.
  Time since last request: 0.645950 seconds.
  path: Assets/Sprites/Bullet
  artifactKey: Guid(f98e2ed24946c4b8bad0a0f10defb1a7) Importer(815301076,1909f56bfc062723c751e8b465ee728b)
Start importing Assets/Sprites/Bullet using Guid(f98e2ed24946c4b8bad0a0f10defb1a7) Importer(815301076,1909f56bfc062723c751e8b465ee728b)  -> (artifact id: '5ece276ea7023dcdd97015d78f6b4c74') in 0.005560 seconds 
  Import took 0.007798 seconds .

========================================================================
Received Import Request.
  Time since last request: 0.082922 seconds.
  path: Assets/Sprites/Bullet/Bullet.png
  artifactKey: Guid(9a0317eefd42740f0997b1c4587a47ff) Importer(815301076,1909f56bfc062723c751e8b465ee728b)
Start importing Assets/Sprites/Bullet/Bullet.png using Guid(9a0317eefd42740f0997b1c4587a47ff) Importer(815301076,1909f56bfc062723c751e8b465ee728b)  -> (artifact id: '0a227c8d9a6e5dc80031f7e174ebe71a') in 0.080140 seconds 
  Import took 0.082455 seconds .

========================================================================
Received Import Request.
  Time since last request: 9.636904 seconds.
  path: Assets/Scripts
  artifactKey: Guid(f93dc77ed9d38465180c1c4c0adea986) Importer(815301076,1909f56bfc062723c751e8b465ee728b)
Start importing Assets/Scripts using Guid(f93dc77ed9d38465180c1c4c0adea986) Importer(815301076,1909f56bfc062723c751e8b465ee728b)  -> (artifact id: '79120906dbb91de105ffeada5289d82d') in 0.010107 seconds 
  Import took 0.012334 seconds .

========================================================================
Received Prepare
Registering precompiled user dll's ...
Registered in 0.002048 seconds.
Begin MonoManager ReloadAssembly
Native extension for WindowsStandalone target not found
Native extension for WebGL target not found
Refreshing native plugins compatible for Editor in 0.36 ms, found 2 plugins.
Preloading 0 native plugins for Editor in 0.00 ms.
Mono: successfully reloaded assembly
- Completed reload, in  0.751 seconds
Domain Reload Profiling:
	ReloadAssembly (751ms)
		BeginReloadAssembly (86ms)
			ExecutionOrderSort (0ms)
			DisableScriptedObjects (3ms)
			BackupInstance (0ms)
			ReleaseScriptingObjects (0ms)
			CreateAndSetChildDomain (26ms)
		EndReloadAssembly (614ms)
			LoadAssemblies (69ms)
			RebuildTransferFunctionScriptingTraits (0ms)
			SetupTypeCache (226ms)
			ReleaseScriptCaches (1ms)
			RebuildScriptCaches (31ms)
			SetupLoadedEditorAssemblies (214ms)
				LogAssemblyErrors (0ms)
				InitializePlatformSupportModulesInManaged (4ms)
				SetLoadedEditorAssemblies (0ms)
				RefreshPlugins (0ms)
				BeforeProcessingInitializeOnLoad (57ms)
				ProcessInitializeOnLoadAttributes (141ms)
				ProcessInitializeOnLoadMethodAttributes (6ms)
				AfterProcessingInitializeOnLoad (5ms)
				EditorAssembliesLoaded (0ms)
			ExecutionOrderSort2 (0ms)
			AwakeInstancesAfterBackupRestoration (5ms)
Platform modules already initialized, skipping
Refreshing native plugins compatible for Editor in 0.33 ms, found 2 plugins.
Preloading 0 native plugins for Editor in 0.00 ms.
Unloading 1494 Unused Serialized files (Serialized files now loaded: 0)
System memory in use before: 70.7 MB.
System memory in use after: 70.8 MB.

Unloading 14 unused Assets to reduce memory usage. Loaded Objects now: 1979.
Total: 2.367100 ms (FindLiveObjects: 0.145200 ms CreateObjectMapping: 0.034000 ms MarkObjects: 2.173400 ms  DeleteObjects: 0.013500 ms)

AssetImportParameters requested are different than current active one (requested -> active):
  custom:framework-win-MediaFoundation: 216162199b28c13a410421893ffa2e32 -> 
  custom:video-decoder-ogg-theora: a1e56fd34408186e4bbccfd4996cb3dc -> 
  custom:container-muxer-webm: aa71ff27fc2769a1b78a27578f13a17b -> 
  custom:container-demuxer-webm: 4f35f7cbe854078d1ac9338744f61a02 -> 
  custom:container-demuxer-ogg: 62fdf1f143b41e24485cea50d1cbac27 -> 
  custom:video-encoder-webm-vp8: eb34c28f22e8b96e1ab97ce403110664 -> 
  custom:video-codec-MediaFoundation-h265: 746d11721c4dcdbdad8f713fa42b33f4 -> 
  custom:video-decoder-webm-vp8: 9c59270c3fd7afecdb556c50c9e8de78 -> 
  custom:audio-decoder-ogg-vorbis: bf7c407c2cedff20999df2af8eb42d56 -> 
  custom:audio-encoder-webm-vorbis: bf7c407c2cedff20999df2af8eb42d56 -> 
========================================================================
Received Prepare
Refreshing native plugins compatible for Editor in 1.83 ms, found 2 plugins.
Preloading 0 native plugins for Editor in 0.00 ms.
Unloading 12 Unused Serialized files (Serialized files now loaded: 0)
System memory in use before: 41.3 MB.
System memory in use after: 41.4 MB.

Unloading 12 unused Assets to reduce memory usage. Loaded Objects now: 1979.
Total: 2.601400 ms (FindLiveObjects: 0.150600 ms CreateObjectMapping: 0.044100 ms MarkObjects: 2.393300 ms  DeleteObjects: 0.012700 ms)

AssetImportParameters requested are different than current active one (requested -> active):
  custom:framework-win-MediaFoundation: 216162199b28c13a410421893ffa2e32 -> 
  custom:video-decoder-ogg-theora: a1e56fd34408186e4bbccfd4996cb3dc -> 
  custom:container-muxer-webm: aa71ff27fc2769a1b78a27578f13a17b -> 
  custom:container-demuxer-webm: 4f35f7cbe854078d1ac9338744f61a02 -> 
  custom:container-demuxer-ogg: 62fdf1f143b41e24485cea50d1cbac27 -> 
  custom:video-encoder-webm-vp8: eb34c28f22e8b96e1ab97ce403110664 -> 
  custom:video-codec-MediaFoundation-h265: 746d11721c4dcdbdad8f713fa42b33f4 -> 
  custom:video-decoder-webm-vp8: 9c59270c3fd7afecdb556c50c9e8de78 -> 
  custom:audio-decoder-ogg-vorbis: bf7c407c2cedff20999df2af8eb42d56 -> 
  custom:audio-encoder-webm-vorbis: bf7c407c2cedff20999df2af8eb42d56 -> 
========================================================================
Received Import Request.
  Time since last request: 59.551261 seconds.
  path: Assets/Scenes/Main.unity
  artifactKey: Guid(bec92af903e812c4dbce4ec2c16f5110) Importer(815301076,1909f56bfc062723c751e8b465ee728b)
Start importing Assets/Scenes/Main.unity using Guid(bec92af903e812c4dbce4ec2c16f5110) Importer(815301076,1909f56bfc062723c751e8b465ee728b)  -> (artifact id: '176719f1a82120518e7193adf5cfeb30') in 0.012555 seconds 
  Import took 0.014954 seconds .

========================================================================
Received Import Request.
  Time since last request: 22.266133 seconds.
  path: Assets/Textures
  artifactKey: Guid(1376ee5d446cb49beb2ea355c3f133e9) Importer(815301076,1909f56bfc062723c751e8b465ee728b)
Start importing Assets/Textures using Guid(1376ee5d446cb49beb2ea355c3f133e9) Importer(815301076,1909f56bfc062723c751e8b465ee728b)  -> (artifact id: 'bd294b282542afe3592d5f96748e729b') in 0.006740 seconds 
  Import took 0.008996 seconds .

========================================================================
Received Import Request.
  Time since last request: 0.048611 seconds.
  path: Assets/Textures/background_back.png
  artifactKey: Guid(4dea3ada2536146b4a8db2b5e4fecb26) Importer(815301076,1909f56bfc062723c751e8b465ee728b)
Start importing Assets/Textures/background_back.png using Guid(4dea3ada2536146b4a8db2b5e4fecb26) Importer(815301076,1909f56bfc062723c751e8b465ee728b)  -> (artifact id: '205a3bf39d0f3a64daf58494607049e2') in 0.022965 seconds 
  Import took 0.025220 seconds .

========================================================================
Received Import Request.
  Time since last request: 0.000242 seconds.
  path: Assets/Textures/background_front.png
  artifactKey: Guid(0f5b5cb4423b54f29b042a6eea6f3510) Importer(815301076,1909f56bfc062723c751e8b465ee728b)
Start importing Assets/Textures/background_front.png using Guid(0f5b5cb4423b54f29b042a6eea6f3510) Importer(815301076,1909f56bfc062723c751e8b465ee728b)  -> (artifact id: '9b2b25b0ef834d69ecb37217cba741f0') in 0.018833 seconds 
  Import took 0.020775 seconds .

========================================================================
Received Import Request.
  Time since last request: 0.000251 seconds.
  path: Assets/Textures/background_middle.png
  artifactKey: Guid(56aab8f3785584bccbddbf103c08f3d1) Importer(815301076,1909f56bfc062723c751e8b465ee728b)
Start importing Assets/Textures/background_middle.png using Guid(56aab8f3785584bccbddbf103c08f3d1) Importer(815301076,1909f56bfc062723c751e8b465ee728b)  -> (artifact id: '85b960f98256af6919f0d438b2e490af') in 0.018678 seconds 
  Import took 0.020649 seconds .

========================================================================
Received Import Request.
  Time since last request: 17.307682 seconds.
  path: Assets/Textures/background_back.png
  artifactKey: Guid(4dea3ada2536146b4a8db2b5e4fecb26) Importer(815301076,1909f56bfc062723c751e8b465ee728b)
Start importing Assets/Textures/background_back.png using Guid(4dea3ada2536146b4a8db2b5e4fecb26) Importer(815301076,1909f56bfc062723c751e8b465ee728b)  -> (artifact id: '7de5945fba6909e98c3080ba491080f6') in 0.035058 seconds 
  Import took 0.037376 seconds .

========================================================================
Received Import Request.
  Time since last request: 0.000258 seconds.
  path: Assets/Textures/background_front.png
  artifactKey: Guid(0f5b5cb4423b54f29b042a6eea6f3510) Importer(815301076,1909f56bfc062723c751e8b465ee728b)
Start importing Assets/Textures/background_front.png using Guid(0f5b5cb4423b54f29b042a6eea6f3510) Importer(815301076,1909f56bfc062723c751e8b465ee728b)  -> (artifact id: '7a0456fd54a979ab625ff35bdc3e7bf3') in 0.013678 seconds 
  Import took 0.015900 seconds .

========================================================================
Received Import Request.
  Time since last request: 0.000304 seconds.
  path: Assets/Textures/background_middle.png
  artifactKey: Guid(56aab8f3785584bccbddbf103c08f3d1) Importer(815301076,1909f56bfc062723c751e8b465ee728b)
Start importing Assets/Textures/background_middle.png using Guid(56aab8f3785584bccbddbf103c08f3d1) Importer(815301076,1909f56bfc062723c751e8b465ee728b)  -> (artifact id: 'c22a532e212a5d4a94bb611c5d3dd3f1') in 0.012282 seconds 
  Import took 0.014481 seconds .

========================================================================
Received Prepare
Registering precompiled user dll's ...
Registered in 0.002037 seconds.
Begin MonoManager ReloadAssembly
Native extension for WindowsStandalone target not found
Native extension for WebGL target not found
Refreshing native plugins compatible for Editor in 0.35 ms, found 2 plugins.
Preloading 0 native plugins for Editor in 0.00 ms.
Mono: successfully reloaded assembly
- Completed reload, in  0.759 seconds
Domain Reload Profiling:
	ReloadAssembly (759ms)
		BeginReloadAssembly (94ms)
			ExecutionOrderSort (0ms)
			DisableScriptedObjects (4ms)
			BackupInstance (0ms)
			ReleaseScriptingObjects (0ms)
			CreateAndSetChildDomain (28ms)
		EndReloadAssembly (615ms)
			LoadAssemblies (65ms)
			RebuildTransferFunctionScriptingTraits (0ms)
			SetupTypeCache (222ms)
			ReleaseScriptCaches (1ms)
			RebuildScriptCaches (30ms)
			SetupLoadedEditorAssemblies (224ms)
				LogAssemblyErrors (0ms)
				InitializePlatformSupportModulesInManaged (4ms)
				SetLoadedEditorAssemblies (0ms)
				RefreshPlugins (0ms)
				BeforeProcessingInitializeOnLoad (54ms)
				ProcessInitializeOnLoadAttributes (153ms)
				ProcessInitializeOnLoadMethodAttributes (7ms)
				AfterProcessingInitializeOnLoad (5ms)
				EditorAssembliesLoaded (0ms)
			ExecutionOrderSort2 (0ms)
			AwakeInstancesAfterBackupRestoration (5ms)
Platform modules already initialized, skipping
Refreshing native plugins compatible for Editor in 0.35 ms, found 2 plugins.
Preloading 0 native plugins for Editor in 0.00 ms.
Unloading 1494 Unused Serialized files (Serialized files now loaded: 0)
System memory in use before: 70.7 MB.
System memory in use after: 70.8 MB.

Unloading 14 unused Assets to reduce memory usage. Loaded Objects now: 1984.
Total: 2.629100 ms (FindLiveObjects: 0.147700 ms CreateObjectMapping: 0.033700 ms MarkObjects: 2.430200 ms  DeleteObjects: 0.016100 ms)

AssetImportParameters requested are different than current active one (requested -> active):
  custom:framework-win-MediaFoundation: 216162199b28c13a410421893ffa2e32 -> 
  custom:video-decoder-ogg-theora: a1e56fd34408186e4bbccfd4996cb3dc -> 
  custom:container-muxer-webm: aa71ff27fc2769a1b78a27578f13a17b -> 
  custom:container-demuxer-webm: 4f35f7cbe854078d1ac9338744f61a02 -> 
  custom:container-demuxer-ogg: 62fdf1f143b41e24485cea50d1cbac27 -> 
  custom:video-encoder-webm-vp8: eb34c28f22e8b96e1ab97ce403110664 -> 
  custom:video-codec-MediaFoundation-h265: 746d11721c4dcdbdad8f713fa42b33f4 -> 
  custom:video-decoder-webm-vp8: 9c59270c3fd7afecdb556c50c9e8de78 -> 
  custom:audio-decoder-ogg-vorbis: bf7c407c2cedff20999df2af8eb42d56 -> 
  custom:audio-encoder-webm-vorbis: bf7c407c2cedff20999df2af8eb42d56 -> 
AssetImportWorkerClient::OnTransportError - code=2 error=End of file
